B001 CPS 0 0 0 0  
B002 CPS 0.0898315 0 0 10  
B003 CPS 0.179663 0 0 20  
B004 CPS 0.269495 0 0 30  
B005 CPS 0.359326 0 0 40  
B006 CPS 0.449158 0 0 50  
B007 CPS 0.538989 0 0 60  
B008 CPS 0.628821 0 0 70  
B009 CPS 0.718652 0 0 80  
B010 CPS 0.808484 0 0 90  
B011 CPS 0.898315 0 0 100  
B012 CPS 0.988147 0 0 110  
B013 CPS 1.07798 0 0 120  
B014 CPS 1.16781 0 0 130  
B015 CPS 1.25764 0 0 140  
B016 CPS 1.34747 0 0 150  
B017 CPS 1.4373 0 0 160  
B018 CPS 1.52714 0 0 170  
B019 CPS 1.61697 0 0 180  
B020 CPS 1.7068 0 0 190  
B021 CPS 1.79663 0 0 200  
B022 CPS 1.88646 0 0 210  
B023 CPS 1.97629 0 0 220  
B024 CPS 2.06613 0 0 230  
B025 CPS 2.15596 0 0 240  
B026 CPS 2.24579 0 0 250  
B027 CPS 2.33562 0 0 260  
B028 CPS 2.42545 0 0 270  
B029 CPS 2.51528 0 0 280  
B030 CPS 2.60511 0 0 290  
B031 CPS 2.69495 0 0 300  
B032 CPS 2.78478 0 0 310  
B033 CPS 2.87461 0 0 320  
B034 CPS 2.96444 0 0 330  
B035 CPS 3.05427 0 0 340  
B036 CPS 3.1441 0 0 350  
B037 CPS 3.23394 0 0 360  
B038 CPS 3.32377 0 0 370  
B039 CPS 3.4136 0 0 380  
B040 CPS 3.50343 0 0 390  
B041 CPS 3.59326 0 0 400  
B042 CPS 3.68309 0 0 410  
B043 CPS 3.77292 0 0 420  
B044 CPS 3.86276 0 0 430  
B045 CPS 3.95259 0 0 440  
B046 CPS 4.04242 0 0 450  
B047 CPS 4.13225 0 0 460  
B048 CPS 4.22208 0 0 470  
B049 CPS 4.31191 0 0 480  
B050 CPS 4.40174 0 0 490  
B051 CPS 4.49158 0 0 500  
B052 CPS 4.58141 0 0 510  
B053 CPS 4.67124 0 0 520  
B054 CPS 4.76107 0 0 530  
B055 CPS 4.8509 0 0 540  
B056 CPS 4.94073 0 0 550  
B057 CPS 5.03057 0 0 560  
B058 CPS 5.1204 0 0 570  
B059 CPS 5.21023 0 0 580  
B060 CPS 5.30006 0 0 590  
B061 CPS 5.38989 0 0 600  
B062 CPS 5.47972 0 0 610  
B063 CPS 5.56955 0 0 620  
B064 CPS 5.65939 0 0 630  
B065 CPS 5.74922 0 0 640  
B066 CPS 5.83905 0 0 650  
B067 CPS 5.92888 0 0 660  
B068 CPS 6.01871 0 0 670  
B069 CPS 6.10854 0 0 680  
B070 CPS 6.19838 0 0 690  
B071 CPS 6.28821 0 0 700  
B072 CPS 6.37804 0 0 710  
B073 CPS 6.46787 0 0 720  
B074 CPS 6.5577 0 0 730  
B075 CPS 6.64753 0 0 740  
B076 CPS 6.73736 0 0 750  
B077 CPS 6.8272 0 0 760  
B078 CPS 6.91703 0 0 770  
B079 CPS 7.00686 0 0 780  
B080 CPS 7.09669 0 0 790  
B081 CPS 7.18652 0 0 800  
B082 CPS 7.27635 0 0 810  
B083 CPS 7.36619 0 0 820  
B084 CPS 7.45602 0 0 830  
B085 CPS 7.54585 0 0 840  
B086 CPS 7.63568 0 0 850  
B087 CPS 7.72551 0 0 860  
B088 CPS 7.81534 0 0 870  
B089 CPS 7.90517 0 0 880  
B090 CPS 7.99501 0 0 890  
B091 CPS 8.08484 0 0 900  
B092 CPS 8.17467 0 0 910  
B093 CPS 8.2645 0 0 920  
B094 CPS 8.35433 0 0 930  
B095 CPS 8.44416 0 0 940  
B096 CPS 8.534 0 0 950  
B097 CPS 8.62383 0 0 960  
B098 CPS 8.71366 0 0 970  
B099 CPS 8.80349 0 0 980  
B100 CPS 8.89332 0 0 990  
B101 CPS 8.98315 0 0 1000  
B102 CPS 9.07298 0 0 1010  
B103 CPS 9.16282 0 0 1020  
B104 CPS 9.25265 0 0 1030  
B105 CPS 9.34248 0 0 1040  
B106 CPS 9.43231 0 0 1050  
B107 CPS 9.52214 0 0 1060  
B108 CPS 9.61197 0 0 1070  
B109 CPS 9.70181 0 0 1080  
B110 CPS 9.79164 0 0 1090  
B111 CPS 9.88147 0 0 1100  
B112 CPS 9.9713 0 0 1110  
B113 CPS 10.0611 0 0 1120  
B114 CPS 10.151 0 0 1130  
B115 CPS 10.2408 0 0 1140  
B116 CPS 10.3306 0 0 1150  
B117 CPS 10.4205 0 0 1160  
B118 CPS 10.5103 0 0 1170  
B119 CPS 10.6001 0 0 1180  
B120 CPS 10.69 0 0 1190  
B121 CPS 10.7798 0 0 1200  
B122 CPS 10.8696 0 0 1210  
B123 CPS 10.9594 0 0 1220  
B124 CPS 11.0493 0 0 1230  
B125 CPS 11.1391 0 0 1240  
B126 CPS 11.2289 0 0 1250  
B127 CPS 11.3188 0 0 1260  
B128 CPS 11.4086 0 0 1270  
B129 CPS 11.4984 0 0 1280  
B130 CPS 11.5883 0 0 1290  
B131 CPS 11.6781 0 0 1300  
B132 CPS 11.7679 0 0 1310  
B133 CPS 11.8578 0 0 1320  
B134 CPS 11.9476 0 0 1330  
B135 CPS 12.0374 0 0 1340  
B136 CPS 12.1273 0 0 1350  
B137 CPS 12.2171 0 0 1360  
B138 CPS 12.3069 0 0 1370  
B139 CPS 12.3968 0 0 1380  
B140 CPS 12.4866 0 0 1390  
B141 CPS 12.5764 0 0 1400  
B142 CPS 12.6662 0 0 1410  
B143 CPS 12.7561 0 0 1420  
B144 CPS 12.8459 0 0 1430  
B145 CPS 12.9357 0 0 1440  
B146 CPS 13.0256 0 0 1450  
B147 CPS 13.1154 0 0 1460  
B148 CPS 13.2052 0 0 1470  
B149 CPS 13.2951 0 0 1480  
B150 CPS 13.3849 0 0 1490  
B151 CPS 13.4747 0 0 1500  
B152 CPS 13.5646 0 0 1510  
B153 CPS 13.6544 0 0 1520  
B154 CPS 13.7442 0 0 1530  
B155 CPS 13.8341 0 0 1540  
B156 CPS 13.9239 0 0 1550  
B157 CPS 14.0137 0 0 1560  
B158 CPS 14.1035 0 0 1570  
B159 CPS 14.1934 0 0 1580  
B160 CPS 14.2832 0 0 1590  
B161 CPS 14.373 0 0 1600  
B162 CPS 14.4629 0 0 1610  
B163 CPS 14.5527 0 0 1620  
B164 CPS 14.6425 0 0 1630  
B165 CPS 14.7324 0 0 1640  
B166 CPS 14.8222 0 0 1650  
B167 CPS 14.912 0 0 1660  
B168 CPS 15.0019 0 0 1670  
B169 CPS 15.0917 0 0 1680  
B170 CPS 15.1815 0 0 1690  
B171 CPS 15.2714 0 0 1700  
B172 CPS 15.3612 0 0 1710  
B173 CPS 15.451 0 0 1720  
B174 CPS 15.5409 0 0 1730  
B175 CPS 15.6307 0 0 1740  
B176 CPS 15.7205 0 0 1750  
B177 CPS 15.8103 0 0 1760  
B178 CPS 15.9002 0 0 1770  
B179 CPS 15.99 0 0 1780  
B180 CPS 16.0798 0 0 1790  
B181 CPS 16.1697 0 0 1800  
B182 CPS 16.2595 0 0 1810  
B183 CPS 16.3493 0 0 1820  
B184 CPS 16.4392 0 0 1830  
B185 CPS 16.529 0 0 1840  
B186 CPS 16.6188 0 0 1850  
B187 CPS 16.7087 0 0 1860  
B188 CPS 16.7985 0 0 1870  
B189 CPS 16.8883 0 0 1880  
B190 CPS 16.9782 0 0 1890  
B191 CPS 17.068 0 0 1900  
B192 CPS 17.1578 0 0 1910  
B193 CPS 17.2477 0 0 1920  
B194 CPS 17.3375 0 0 1930  
B195 CPS 17.4273 0 0 1940  
B196 CPS 17.5171 0 0 1950  
B197 CPS 17.607 0 0 1960  
B198 CPS 17.6968 0 0 1970  
B199 CPS 17.7866 0 0 1980  
B200 CPS 17.8765 0 0 1990  
